D:\WORK\작은형\2015.11.09\AMCAP_PROJECT\BIN\RELEASE\AMCAP.EXE
D:\WORK\작은형\2015.11.09\AMCAP_PROJECT\BIN\RELEASE\AMCAP.PDB
D:\WORK\작은형\2015.11.09\AMCAP_PROJECT\BIN\RELEASE\AMCAP\AMCAP.EXE.INTERMEDIATE.MANIFEST
D:\WORK\작은형\2015.11.09\AMCAP_PROJECT\BIN\RELEASE\AMCAP\AMCAP.OBJ
D:\WORK\작은형\2015.11.09\AMCAP_PROJECT\BIN\RELEASE\AMCAP\AMCAP.RES
D:\WORK\작은형\2015.11.09\AMCAP_PROJECT\BIN\RELEASE\AMCAP\CROSSBAR.OBJ
D:\WORK\작은형\2015.11.09\AMCAP_PROJECT\BIN\RELEASE\AMCAP\SAMPLECGB.OBJ
D:\WORK\작은형\2015.11.09\AMCAP_PROJECT\BIN\RELEASE\AMCAP\STATUS.OBJ
D:\WORK\작은형\2015.11.09\AMCAP_PROJECT\BIN\RELEASE\AMCAP\STDAFX.OBJ
D:\WORK\작은형\2015.11.09\AMCAP_PROJECT\BIN\RELEASE\AMCAP\VC100.PDB
D:\WORK\작은형\2015.11.10\amcap_project\bin\Release\amcap.exe
D:\WORK\작은형\2015.11.10\amcap_project\bin\Release\amcap.pdb
D:\WORK\작은형\2015.11.10\amcap_project\bin\Release\amcap\amcap.exe.intermediate.manifest
D:\WORK\작은형\2015.11.10\amcap_project\bin\Release\amcap\amcap.obj
D:\WORK\작은형\2015.11.10\amcap_project\bin\Release\amcap\amcap.res
D:\WORK\작은형\2015.11.10\amcap_project\bin\Release\amcap\amcap.write.1.tlog
D:\WORK\작은형\2015.11.10\amcap_project\bin\Release\amcap\cl.command.1.tlog
D:\WORK\작은형\2015.11.10\amcap_project\bin\Release\amcap\CL.read.1.tlog
D:\WORK\작은형\2015.11.10\amcap_project\bin\Release\amcap\CL.write.1.tlog
D:\WORK\작은형\2015.11.10\amcap_project\bin\Release\amcap\crossbar.obj
D:\WORK\작은형\2015.11.10\amcap_project\bin\Release\amcap\link.command.1.tlog
D:\WORK\작은형\2015.11.10\amcap_project\bin\Release\amcap\link.read.1.tlog
D:\WORK\작은형\2015.11.10\amcap_project\bin\Release\amcap\link.write.1.tlog
D:\WORK\작은형\2015.11.10\amcap_project\bin\Release\amcap\link-cvtres.read.1.tlog
D:\WORK\작은형\2015.11.10\amcap_project\bin\Release\amcap\link-cvtres.write.1.tlog
D:\WORK\작은형\2015.11.10\amcap_project\bin\Release\amcap\mt.command.1.tlog
D:\WORK\작은형\2015.11.10\amcap_project\bin\Release\amcap\mt.read.1.tlog
D:\WORK\작은형\2015.11.10\amcap_project\bin\Release\amcap\mt.write.1.tlog
D:\WORK\작은형\2015.11.10\amcap_project\bin\Release\amcap\rc.command.1.tlog
D:\WORK\작은형\2015.11.10\amcap_project\bin\Release\amcap\rc.read.1.tlog
D:\WORK\작은형\2015.11.10\amcap_project\bin\Release\amcap\rc.write.1.tlog
D:\WORK\작은형\2015.11.10\amcap_project\bin\Release\amcap\SampleCGB.obj
D:\WORK\작은형\2015.11.10\amcap_project\bin\Release\amcap\status.obj
D:\WORK\작은형\2015.11.10\amcap_project\bin\Release\amcap\stdafx.obj
D:\WORK\작은형\2015.11.10\amcap_project\bin\Release\amcap\vc100.pdb
