D:\WORK\작은형\2015.11.09\AMCAP_PROJECT\BIN\RELEASE\BASECLASSES\AMEXTRA.OBJ
D:\WORK\작은형\2015.11.09\AMCAP_PROJECT\BIN\RELEASE\BASECLASSES\AMFILTER.OBJ
D:\WORK\작은형\2015.11.09\AMCAP_PROJECT\BIN\RELEASE\BASECLASSES\AMVIDEO.OBJ
D:\WORK\작은형\2015.11.09\AMCAP_PROJECT\BIN\RELEASE\BASECLASSES\ARITHUTIL.OBJ
D:\WORK\작은형\2015.11.09\AMCAP_PROJECT\BIN\RELEASE\BASECLASSES\COMBASE.OBJ
D:\WORK\작은형\2015.11.09\AMCAP_PROJECT\BIN\RELEASE\BASECLASSES\CPROP.OBJ
D:\WORK\작은형\2015.11.09\AMCAP_PROJECT\BIN\RELEASE\BASECLASSES\CTLUTIL.OBJ
D:\WORK\작은형\2015.11.09\AMCAP_PROJECT\BIN\RELEASE\BASECLASSES\DDMM.OBJ
D:\WORK\작은형\2015.11.09\AMCAP_PROJECT\BIN\RELEASE\BASECLASSES\DLLENTRY.OBJ
D:\WORK\작은형\2015.11.09\AMCAP_PROJECT\BIN\RELEASE\BASECLASSES\DLLSETUP.OBJ
D:\WORK\작은형\2015.11.09\AMCAP_PROJECT\BIN\RELEASE\BASECLASSES\MTYPE.OBJ
D:\WORK\작은형\2015.11.09\AMCAP_PROJECT\BIN\RELEASE\BASECLASSES\OUTPUTQ.OBJ
D:\WORK\작은형\2015.11.09\AMCAP_PROJECT\BIN\RELEASE\BASECLASSES\PERFLOG.OBJ
D:\WORK\작은형\2015.11.09\AMCAP_PROJECT\BIN\RELEASE\BASECLASSES\PSTREAM.OBJ
D:\WORK\작은형\2015.11.09\AMCAP_PROJECT\BIN\RELEASE\BASECLASSES\PULLPIN.OBJ
D:\WORK\작은형\2015.11.09\AMCAP_PROJECT\BIN\RELEASE\BASECLASSES\REFCLOCK.OBJ
D:\WORK\작은형\2015.11.09\AMCAP_PROJECT\BIN\RELEASE\BASECLASSES\RENBASE.OBJ
D:\WORK\작은형\2015.11.09\AMCAP_PROJECT\BIN\RELEASE\BASECLASSES\SCHEDULE.OBJ
D:\WORK\작은형\2015.11.09\AMCAP_PROJECT\BIN\RELEASE\BASECLASSES\SEEKPT.OBJ
D:\WORK\작은형\2015.11.09\AMCAP_PROJECT\BIN\RELEASE\BASECLASSES\SOURCE.OBJ
D:\WORK\작은형\2015.11.09\AMCAP_PROJECT\BIN\RELEASE\BASECLASSES\STRMCTL.OBJ
D:\WORK\작은형\2015.11.09\AMCAP_PROJECT\BIN\RELEASE\BASECLASSES\SYSCLOCK.OBJ
D:\WORK\작은형\2015.11.09\AMCAP_PROJECT\BIN\RELEASE\BASECLASSES\TRANSFRM.OBJ
D:\WORK\작은형\2015.11.09\AMCAP_PROJECT\BIN\RELEASE\BASECLASSES\TRANSIP.OBJ
D:\WORK\작은형\2015.11.09\AMCAP_PROJECT\BIN\RELEASE\BASECLASSES\VC100.PDB
D:\WORK\작은형\2015.11.09\AMCAP_PROJECT\BIN\RELEASE\BASECLASSES\VIDEOCTL.OBJ
D:\WORK\작은형\2015.11.09\AMCAP_PROJECT\BIN\RELEASE\BASECLASSES\VTRANS.OBJ
D:\WORK\작은형\2015.11.09\AMCAP_PROJECT\BIN\RELEASE\BASECLASSES\WINCTRL.OBJ
D:\WORK\작은형\2015.11.09\AMCAP_PROJECT\BIN\RELEASE\BASECLASSES\WINUTIL.OBJ
D:\WORK\작은형\2015.11.09\AMCAP_PROJECT\BIN\RELEASE\BASECLASSES\WXDEBUG.OBJ
D:\WORK\작은형\2015.11.09\AMCAP_PROJECT\BIN\RELEASE\BASECLASSES\WXLIST.OBJ
D:\WORK\작은형\2015.11.09\AMCAP_PROJECT\BIN\RELEASE\BASECLASSES\WXUTIL.OBJ
D:\WORK\작은형\2015.11.09\AMCAP_PROJECT\BIN\RELEASE\STRMBASE.LIB
D:\WORK\작은형\2015.11.10\amcap_project\bin\Release\baseclasses\amextra.obj
D:\WORK\작은형\2015.11.10\amcap_project\bin\Release\baseclasses\amfilter.obj
D:\WORK\작은형\2015.11.10\amcap_project\bin\Release\baseclasses\amvideo.obj
D:\WORK\작은형\2015.11.10\amcap_project\bin\Release\baseclasses\arithutil.obj
D:\WORK\작은형\2015.11.10\amcap_project\bin\Release\baseclasses\baseclasses.vcxprojResolveAssemblyReference.cache
D:\WORK\작은형\2015.11.10\amcap_project\bin\Release\baseclasses\baseclasses.write.1.tlog
D:\WORK\작은형\2015.11.10\amcap_project\bin\Release\baseclasses\cl.command.1.tlog
D:\WORK\작은형\2015.11.10\amcap_project\bin\Release\baseclasses\CL.read.1.tlog
D:\WORK\작은형\2015.11.10\amcap_project\bin\Release\baseclasses\CL.write.1.tlog
D:\WORK\작은형\2015.11.10\amcap_project\bin\Release\baseclasses\combase.obj
D:\WORK\작은형\2015.11.10\amcap_project\bin\Release\baseclasses\cprop.obj
D:\WORK\작은형\2015.11.10\amcap_project\bin\Release\baseclasses\ctlutil.obj
D:\WORK\작은형\2015.11.10\amcap_project\bin\Release\baseclasses\ddmm.obj
D:\WORK\작은형\2015.11.10\amcap_project\bin\Release\baseclasses\dllentry.obj
D:\WORK\작은형\2015.11.10\amcap_project\bin\Release\baseclasses\dllsetup.obj
D:\WORK\작은형\2015.11.10\amcap_project\bin\Release\baseclasses\lib.command.1.tlog
D:\WORK\작은형\2015.11.10\amcap_project\bin\Release\baseclasses\Lib-link.read.1.tlog
D:\WORK\작은형\2015.11.10\amcap_project\bin\Release\baseclasses\Lib-link.write.1.tlog
D:\WORK\작은형\2015.11.10\amcap_project\bin\Release\baseclasses\mtype.obj
D:\WORK\작은형\2015.11.10\amcap_project\bin\Release\baseclasses\outputq.obj
D:\WORK\작은형\2015.11.10\amcap_project\bin\Release\baseclasses\perflog.obj
D:\WORK\작은형\2015.11.10\amcap_project\bin\Release\baseclasses\pstream.obj
D:\WORK\작은형\2015.11.10\amcap_project\bin\Release\baseclasses\pullpin.obj
D:\WORK\작은형\2015.11.10\amcap_project\bin\Release\baseclasses\refclock.obj
D:\WORK\작은형\2015.11.10\amcap_project\bin\Release\baseclasses\renbase.obj
D:\WORK\작은형\2015.11.10\amcap_project\bin\Release\baseclasses\schedule.obj
D:\WORK\작은형\2015.11.10\amcap_project\bin\Release\baseclasses\seekpt.obj
D:\WORK\작은형\2015.11.10\amcap_project\bin\Release\baseclasses\source.obj
D:\WORK\작은형\2015.11.10\amcap_project\bin\Release\baseclasses\strmctl.obj
D:\WORK\작은형\2015.11.10\amcap_project\bin\Release\baseclasses\sysclock.obj
D:\WORK\작은형\2015.11.10\amcap_project\bin\Release\baseclasses\transfrm.obj
D:\WORK\작은형\2015.11.10\amcap_project\bin\Release\baseclasses\transip.obj
D:\WORK\작은형\2015.11.10\amcap_project\bin\Release\baseclasses\vc100.pdb
D:\WORK\작은형\2015.11.10\amcap_project\bin\Release\baseclasses\videoctl.obj
D:\WORK\작은형\2015.11.10\amcap_project\bin\Release\baseclasses\vtrans.obj
D:\WORK\작은형\2015.11.10\amcap_project\bin\Release\baseclasses\winctrl.obj
D:\WORK\작은형\2015.11.10\amcap_project\bin\Release\baseclasses\winutil.obj
D:\WORK\작은형\2015.11.10\amcap_project\bin\Release\baseclasses\wxdebug.obj
D:\WORK\작은형\2015.11.10\amcap_project\bin\Release\baseclasses\wxlist.obj
D:\WORK\작은형\2015.11.10\amcap_project\bin\Release\baseclasses\wxutil.obj
