D:\TEST\2015.11.09\AMCAP_PROJECT\BIN\DEBUG\SERIAL.LIB
D:\TEST\2015.11.09\AMCAP_PROJECT\BIN\DEBUG\SERIAL\SERIAL.OBJ
D:\TEST\2015.11.09\AMCAP_PROJECT\BIN\DEBUG\SERIAL\SERIALEX.OBJ
D:\TEST\2015.11.09\AMCAP_PROJECT\BIN\DEBUG\SERIAL\SERIALWND.OBJ
D:\TEST\2015.11.09\AMCAP_PROJECT\BIN\DEBUG\SERIAL\VC100.PDB
D:\WORK\작은형\2015.11.09\AMCAP_PROJECT\BIN\DEBUG\SERIAL.LIB
D:\WORK\작은형\2015.11.09\AMCAP_PROJECT\BIN\DEBUG\SERIAL\SERIAL.OBJ
D:\WORK\작은형\2015.11.09\AMCAP_PROJECT\BIN\DEBUG\SERIAL\SERIALEX.OBJ
D:\WORK\작은형\2015.11.09\AMCAP_PROJECT\BIN\DEBUG\SERIAL\SERIALWND.OBJ
D:\WORK\작은형\2015.11.09\AMCAP_PROJECT\BIN\DEBUG\SERIAL\VC100.PDB
D:\WORK\작은형\2015.11.10\amcap_project\bin\Debug\Serial.lib
D:\WORK\작은형\2015.11.10\amcap_project\bin\Debug\Serial\cl.command.1.tlog
D:\WORK\작은형\2015.11.10\amcap_project\bin\Debug\Serial\CL.read.1.tlog
D:\WORK\작은형\2015.11.10\amcap_project\bin\Debug\Serial\CL.write.1.tlog
D:\WORK\작은형\2015.11.10\amcap_project\bin\Debug\Serial\lib.command.1.tlog
D:\WORK\작은형\2015.11.10\amcap_project\bin\Debug\Serial\Lib-link.read.1.tlog
D:\WORK\작은형\2015.11.10\amcap_project\bin\Debug\Serial\Lib-link.write.1.tlog
D:\WORK\작은형\2015.11.10\amcap_project\bin\Debug\Serial\Serial.obj
D:\WORK\작은형\2015.11.10\amcap_project\bin\Debug\Serial\Serial.vcxprojResolveAssemblyReference.cache
D:\WORK\작은형\2015.11.10\amcap_project\bin\Debug\Serial\Serial.write.1.tlog
D:\WORK\작은형\2015.11.10\amcap_project\bin\Debug\Serial\SerialEx.obj
D:\WORK\작은형\2015.11.10\amcap_project\bin\Debug\Serial\SerialWnd.obj
D:\WORK\작은형\2015.11.10\amcap_project\bin\Debug\Serial\vc100.pdb
