D:\TEST\2015.11.09\AMCAP_PROJECT\BIN\DEBUG\AMCAP.EXE
D:\TEST\2015.11.09\AMCAP_PROJECT\BIN\DEBUG\AMCAP.ILK
D:\TEST\2015.11.09\AMCAP_PROJECT\BIN\DEBUG\AMCAP.PDB
D:\TEST\2015.11.09\AMCAP_PROJECT\BIN\DEBUG\AMCAP\AMCAP.EXE.INTERMEDIATE.MANIFEST
D:\TEST\2015.11.09\AMCAP_PROJECT\BIN\DEBUG\AMCAP\AMCAP.OBJ
D:\TEST\2015.11.09\AMCAP_PROJECT\BIN\DEBUG\AMCAP\AMCAP.RES
D:\TEST\2015.11.09\AMCAP_PROJECT\BIN\DEBUG\AMCAP\CROSSBAR.OBJ
D:\TEST\2015.11.09\AMCAP_PROJECT\BIN\DEBUG\AMCAP\SAMPLECGB.OBJ
D:\TEST\2015.11.09\AMCAP_PROJECT\BIN\DEBUG\AMCAP\STATUS.OBJ
D:\TEST\2015.11.09\AMCAP_PROJECT\BIN\DEBUG\AMCAP\STDAFX.OBJ
D:\TEST\2015.11.09\AMCAP_PROJECT\BIN\DEBUG\AMCAP\VC100.PDB
D:\WORK\작은형\2015.11.09\AMCAP_PROJECT\BIN\DEBUG\AMCAP.EXE
D:\WORK\작은형\2015.11.09\AMCAP_PROJECT\BIN\DEBUG\AMCAP.EXE.MANIFEST
D:\WORK\작은형\2015.11.09\AMCAP_PROJECT\BIN\DEBUG\AMCAP.ILK
D:\WORK\작은형\2015.11.09\AMCAP_PROJECT\BIN\DEBUG\AMCAP.PDB
D:\WORK\작은형\2015.11.09\AMCAP_PROJECT\BIN\DEBUG\AMCAP\AMCAP.EXE.INTERMEDIATE.MANIFEST
D:\WORK\작은형\2015.11.09\AMCAP_PROJECT\BIN\DEBUG\AMCAP\AMCAP.OBJ
D:\WORK\작은형\2015.11.09\AMCAP_PROJECT\BIN\DEBUG\AMCAP\AMCAP.RES
D:\WORK\작은형\2015.11.09\AMCAP_PROJECT\BIN\DEBUG\AMCAP\CROSSBAR.OBJ
D:\WORK\작은형\2015.11.09\AMCAP_PROJECT\BIN\DEBUG\AMCAP\SAMPLECGB.OBJ
D:\WORK\작은형\2015.11.09\AMCAP_PROJECT\BIN\DEBUG\AMCAP\STATUS.OBJ
D:\WORK\작은형\2015.11.09\AMCAP_PROJECT\BIN\DEBUG\AMCAP\STDAFX.OBJ
D:\WORK\작은형\2015.11.09\AMCAP_PROJECT\BIN\DEBUG\AMCAP\VC100.PDB
D:\WORK\작은형\2015.11.10\amcap_project\bin\Debug\amcap.exe
D:\WORK\작은형\2015.11.10\amcap_project\bin\Debug\amcap.exe.manifest
D:\WORK\작은형\2015.11.10\amcap_project\bin\Debug\amcap.ilk
D:\WORK\작은형\2015.11.10\amcap_project\bin\Debug\amcap.pdb
D:\WORK\작은형\2015.11.10\amcap_project\bin\Debug\amcap\amcap.exe.intermediate.manifest
D:\WORK\작은형\2015.11.10\amcap_project\bin\Debug\amcap\amcap.obj
D:\WORK\작은형\2015.11.10\amcap_project\bin\Debug\amcap\amcap.res
D:\WORK\작은형\2015.11.10\amcap_project\bin\Debug\amcap\amcap.vcxprojResolveAssemblyReference.cache
D:\WORK\작은형\2015.11.10\amcap_project\bin\Debug\amcap\amcap.write.1.tlog
D:\WORK\작은형\2015.11.10\amcap_project\bin\Debug\amcap\cl.command.1.tlog
D:\WORK\작은형\2015.11.10\amcap_project\bin\Debug\amcap\CL.read.1.tlog
D:\WORK\작은형\2015.11.10\amcap_project\bin\Debug\amcap\CL.write.1.tlog
D:\WORK\작은형\2015.11.10\amcap_project\bin\Debug\amcap\crossbar.obj
D:\WORK\작은형\2015.11.10\amcap_project\bin\Debug\amcap\link.6052.read.1.tlog
D:\WORK\작은형\2015.11.10\amcap_project\bin\Debug\amcap\link.6052.write.1.tlog
D:\WORK\작은형\2015.11.10\amcap_project\bin\Debug\amcap\link.6052-cvtres.read.1.tlog
D:\WORK\작은형\2015.11.10\amcap_project\bin\Debug\amcap\link.6052-cvtres.write.1.tlog
D:\WORK\작은형\2015.11.10\amcap_project\bin\Debug\amcap\link.6152.read.1.tlog
D:\WORK\작은형\2015.11.10\amcap_project\bin\Debug\amcap\link.6152.write.1.tlog
D:\WORK\작은형\2015.11.10\amcap_project\bin\Debug\amcap\link.6152-cvtres.read.1.tlog
D:\WORK\작은형\2015.11.10\amcap_project\bin\Debug\amcap\link.6152-cvtres.write.1.tlog
D:\WORK\작은형\2015.11.10\amcap_project\bin\Debug\amcap\link.command.1.tlog
D:\WORK\작은형\2015.11.10\amcap_project\bin\Debug\amcap\link.read.1.tlog
D:\WORK\작은형\2015.11.10\amcap_project\bin\Debug\amcap\link.write.1.tlog
D:\WORK\작은형\2015.11.10\amcap_project\bin\Debug\amcap\link-cvtres.read.1.tlog
D:\WORK\작은형\2015.11.10\amcap_project\bin\Debug\amcap\link-cvtres.write.1.tlog
D:\WORK\작은형\2015.11.10\amcap_project\bin\Debug\amcap\mt.command.1.tlog
D:\WORK\작은형\2015.11.10\amcap_project\bin\Debug\amcap\mt.read.1.tlog
D:\WORK\작은형\2015.11.10\amcap_project\bin\Debug\amcap\mt.write.1.tlog
D:\WORK\작은형\2015.11.10\amcap_project\bin\Debug\amcap\rc.command.1.tlog
D:\WORK\작은형\2015.11.10\amcap_project\bin\Debug\amcap\rc.read.1.tlog
D:\WORK\작은형\2015.11.10\amcap_project\bin\Debug\amcap\rc.write.1.tlog
D:\WORK\작은형\2015.11.10\amcap_project\bin\Debug\amcap\SampleCGB.obj
D:\WORK\작은형\2015.11.10\amcap_project\bin\Debug\amcap\status.obj
D:\WORK\작은형\2015.11.10\amcap_project\bin\Debug\amcap\stdafx.obj
D:\WORK\작은형\2015.11.10\amcap_project\bin\Debug\amcap\vc100.idb
D:\WORK\작은형\2015.11.10\amcap_project\bin\Debug\amcap\vc100.pdb
