빌드 시작: 2015-11-11 오후 11:55:24
     1>3 노드의 "D:\WORK\작은형\2015.11.10\amcap_project\amcap\amcap.vcxproj" 프로젝트(rebuild 대상)입니다.
     1>_PrepareForClean:
         "D:\WORK\작은형\2015.11.10\amcap_project\bin\Debug\amcap\amcap.lastbuildstate" 파일을 삭제하고 있습니다.
     1>C:\Program Files (x86)\MSBuild\Microsoft.Cpp\v4.0\Microsoft.CppBuild.targets(298,5): warning MSB8004: Intermediate 디렉터리가 슬래시로 끝나지 않습니다. Intermediate 디렉터리의 적절한 평가를 허용하는 데 필요하므로 이 빌드 인스턴스에서 슬래시를 추가합니다.
       InitializeBuildStatus:
         "AlwaysCreate"이(가) 지정되었기 때문에 "D:\WORK\작은형\2015.11.10\amcap_project\bin\Debug\amcap\amcap.unsuccessfulbuild"을(를) 만들고 있습니다.
       ClCompile:
         C:\Program Files (x86)\Microsoft Visual Studio 10.0\VC\bin\CL.exe /c /I..\Common_dx /I..\BaseClasses /I..\serial /ZI /nologo /W3 /WX- /Od /Oy- /D WIN32 /D _DEBUG /D _WINDOWS /D _UNICODE /D UNICODE /Gm /EHsc /RTC1 /MDd /GS /fp:precise /Zc:wchar_t /Zc:forScope /Fo"D:\WORK\작은형\2015.11.10\amcap_project\bin\Debug\amcap\\" /Fd"D:\WORK\작은형\2015.11.10\amcap_project\bin\Debug\amcap\vc100.pdb" /Gd /TP /analyze- /errorReport:prompt amcap.cpp crossbar.cpp SampleCGB.cpp status.cpp stdafx.cpp
         stdafx.cpp
         status.cpp
         SampleCGB.cpp
         crossbar.cpp
         amcap.cpp
     1>d:\work\작은형\2015.11.10\amcap_project\amcap\amcap.cpp(355): warning C4995: 'wsprintf': 이름이 #pragma deprecated로 표시되었습니다.
     1>d:\work\작은형\2015.11.10\amcap_project\amcap\amcap.cpp(355): warning C4995: 'wsprintfW': 이름이 #pragma deprecated로 표시되었습니다.
     1>d:\work\작은형\2015.11.10\amcap_project\amcap\amcap.cpp(4799): warning C4995: '_tcscpy': 이름이 #pragma deprecated로 표시되었습니다.
     1>d:\work\작은형\2015.11.10\amcap_project\amcap\amcap.cpp(4799): warning C4995: 'wcscpy': 이름이 #pragma deprecated로 표시되었습니다.
     1>d:\work\작은형\2015.11.10\amcap_project\amcap\amcap.cpp(4799): warning C4996: 'wcscpy': This function or variable may be unsafe. Consider using wcscpy_s instead. To disable deprecation, use _CRT_SECURE_NO_WARNINGS. See online help for details.
                 c:\program files (x86)\microsoft visual studio 10.0\vc\include\string.h(283) : 'wcscpy' 선언을 참조하십시오.
     1>d:\work\작은형\2015.11.10\amcap_project\amcap\amcap.cpp(4804): warning C4995: '_tcscpy': 이름이 #pragma deprecated로 표시되었습니다.
     1>d:\work\작은형\2015.11.10\amcap_project\amcap\amcap.cpp(4804): warning C4995: 'wcscpy': 이름이 #pragma deprecated로 표시되었습니다.
     1>d:\work\작은형\2015.11.10\amcap_project\amcap\amcap.cpp(4804): warning C4996: 'wcscpy': This function or variable may be unsafe. Consider using wcscpy_s instead. To disable deprecation, use _CRT_SECURE_NO_WARNINGS. See online help for details.
                 c:\program files (x86)\microsoft visual studio 10.0\vc\include\string.h(283) : 'wcscpy' 선언을 참조하십시오.
     1>d:\work\작은형\2015.11.10\amcap_project\amcap\amcap.cpp(4809): warning C4995: '_tcscpy': 이름이 #pragma deprecated로 표시되었습니다.
     1>d:\work\작은형\2015.11.10\amcap_project\amcap\amcap.cpp(4809): warning C4995: 'wcscpy': 이름이 #pragma deprecated로 표시되었습니다.
     1>d:\work\작은형\2015.11.10\amcap_project\amcap\amcap.cpp(4809): warning C4996: 'wcscpy': This function or variable may be unsafe. Consider using wcscpy_s instead. To disable deprecation, use _CRT_SECURE_NO_WARNINGS. See online help for details.
                 c:\program files (x86)\microsoft visual studio 10.0\vc\include\string.h(283) : 'wcscpy' 선언을 참조하십시오.
     1>d:\work\작은형\2015.11.10\amcap_project\amcap\amcap.cpp(4814): warning C4995: '_tcscpy': 이름이 #pragma deprecated로 표시되었습니다.
     1>d:\work\작은형\2015.11.10\amcap_project\amcap\amcap.cpp(4814): warning C4995: 'wcscpy': 이름이 #pragma deprecated로 표시되었습니다.
     1>d:\work\작은형\2015.11.10\amcap_project\amcap\amcap.cpp(4814): warning C4996: 'wcscpy': This function or variable may be unsafe. Consider using wcscpy_s instead. To disable deprecation, use _CRT_SECURE_NO_WARNINGS. See online help for details.
                 c:\program files (x86)\microsoft visual studio 10.0\vc\include\string.h(283) : 'wcscpy' 선언을 참조하십시오.
     1>d:\work\작은형\2015.11.10\amcap_project\amcap\amcap.cpp(4819): warning C4995: '_tcscpy': 이름이 #pragma deprecated로 표시되었습니다.
     1>d:\work\작은형\2015.11.10\amcap_project\amcap\amcap.cpp(4819): warning C4995: 'wcscpy': 이름이 #pragma deprecated로 표시되었습니다.
     1>d:\work\작은형\2015.11.10\amcap_project\amcap\amcap.cpp(4819): warning C4996: 'wcscpy': This function or variable may be unsafe. Consider using wcscpy_s instead. To disable deprecation, use _CRT_SECURE_NO_WARNINGS. See online help for details.
                 c:\program files (x86)\microsoft visual studio 10.0\vc\include\string.h(283) : 'wcscpy' 선언을 참조하십시오.
     1>d:\work\작은형\2015.11.10\amcap_project\amcap\amcap.cpp(4824): warning C4995: '_tcscpy': 이름이 #pragma deprecated로 표시되었습니다.
     1>d:\work\작은형\2015.11.10\amcap_project\amcap\amcap.cpp(4824): warning C4995: 'wcscpy': 이름이 #pragma deprecated로 표시되었습니다.
     1>d:\work\작은형\2015.11.10\amcap_project\amcap\amcap.cpp(4824): warning C4996: 'wcscpy': This function or variable may be unsafe. Consider using wcscpy_s instead. To disable deprecation, use _CRT_SECURE_NO_WARNINGS. See online help for details.
                 c:\program files (x86)\microsoft visual studio 10.0\vc\include\string.h(283) : 'wcscpy' 선언을 참조하십시오.
     1>d:\work\작은형\2015.11.10\amcap_project\amcap\amcap.cpp(4829): warning C4995: '_tcscpy': 이름이 #pragma deprecated로 표시되었습니다.
     1>d:\work\작은형\2015.11.10\amcap_project\amcap\amcap.cpp(4829): warning C4995: 'wcscpy': 이름이 #pragma deprecated로 표시되었습니다.
     1>d:\work\작은형\2015.11.10\amcap_project\amcap\amcap.cpp(4829): warning C4996: 'wcscpy': This function or variable may be unsafe. Consider using wcscpy_s instead. To disable deprecation, use _CRT_SECURE_NO_WARNINGS. See online help for details.
                 c:\program files (x86)\microsoft visual studio 10.0\vc\include\string.h(283) : 'wcscpy' 선언을 참조하십시오.
     1>d:\work\작은형\2015.11.10\amcap_project\amcap\amcap.cpp(4834): warning C4995: '_tcscpy': 이름이 #pragma deprecated로 표시되었습니다.
     1>d:\work\작은형\2015.11.10\amcap_project\amcap\amcap.cpp(4834): warning C4995: 'wcscpy': 이름이 #pragma deprecated로 표시되었습니다.
     1>d:\work\작은형\2015.11.10\amcap_project\amcap\amcap.cpp(4834): warning C4996: 'wcscpy': This function or variable may be unsafe. Consider using wcscpy_s instead. To disable deprecation, use _CRT_SECURE_NO_WARNINGS. See online help for details.
                 c:\program files (x86)\microsoft visual studio 10.0\vc\include\string.h(283) : 'wcscpy' 선언을 참조하십시오.
     1>d:\work\작은형\2015.11.10\amcap_project\amcap\amcap.cpp(4839): warning C4995: '_tcscpy': 이름이 #pragma deprecated로 표시되었습니다.
     1>d:\work\작은형\2015.11.10\amcap_project\amcap\amcap.cpp(4839): warning C4995: 'wcscpy': 이름이 #pragma deprecated로 표시되었습니다.
     1>d:\work\작은형\2015.11.10\amcap_project\amcap\amcap.cpp(4839): warning C4996: 'wcscpy': This function or variable may be unsafe. Consider using wcscpy_s instead. To disable deprecation, use _CRT_SECURE_NO_WARNINGS. See online help for details.
                 c:\program files (x86)\microsoft visual studio 10.0\vc\include\string.h(283) : 'wcscpy' 선언을 참조하십시오.
         코드를 생성하고 있습니다...
       ResourceCompile:
         C:\Program Files (x86)\Microsoft SDKs\Windows\v7.0A\bin\rc.exe /D _UNICODE /D UNICODE /l"0x0409" /nologo /fo"D:\WORK\작은형\2015.11.10\amcap_project\bin\Debug\amcap\amcap.res" amcap.rc 
       Link:
         C:\Program Files (x86)\Microsoft Visual Studio 10.0\VC\bin\link.exe /ERRORREPORT:PROMPT /OUT:"D:\WORK\작은형\2015.11.10\amcap_project\bin\Debug\amcap.exe" /INCREMENTAL /NOLOGO /LIBPATH:"D:\WORK\작은형\2015.11.10\amcap_project\bin\Debug\\" Serial.lib Strmbase.lib winmm.lib Msacm32.lib kernel32.lib user32.lib gdi32.lib winspool.lib comdlg32.lib advapi32.lib shell32.lib ole32.lib oleaut32.lib uuid.lib odbc32.lib odbccp32.lib /MANIFEST /ManifestFile:"D:\WORK\작은형\2015.11.10\amcap_project\bin\Debug\amcap\amcap.exe.intermediate.manifest" /MANIFESTUAC:"level='asInvoker' uiAccess='false'" /DEBUG /PDB:"D:\WORK\작은형\2015.11.10\amcap_project\bin\Debug\amcap.pdb" /SUBSYSTEM:WINDOWS /TLBID:1 /DYNAMICBASE:NO /IMPLIB:"D:\WORK\작은형\2015.11.10\amcap_project\bin\Debug\amcap.lib" /MACHINE:X86 "D:\WORK\작은형\2015.11.10\amcap_project\bin\Debug\amcap\amcap.res"
         "D:\WORK\작은형\2015.11.10\amcap_project\bin\Debug\amcap\amcap.obj"
         "D:\WORK\작은형\2015.11.10\amcap_project\bin\Debug\amcap\crossbar.obj"
         "D:\WORK\작은형\2015.11.10\amcap_project\bin\Debug\amcap\SampleCGB.obj"
         "D:\WORK\작은형\2015.11.10\amcap_project\bin\Debug\amcap\status.obj"
         "D:\WORK\작은형\2015.11.10\amcap_project\bin\Debug\amcap\stdafx.obj"
     1>LINK : warning LNK4098: 'LIBCMTD' defaultlib가 다른 라이브러리와 충돌합니다. /NODEFAULTLIB:library를 사용하십시오.
         amcap.vcxproj -> D:\WORK\작은형\2015.11.10\amcap_project\bin\Debug\amcap.exe
       Manifest:
         C:\Program Files (x86)\Microsoft SDKs\Windows\v7.0A\bin\mt.exe /nologo /verbose /out:"D:\WORK\작은형\2015.11.10\amcap_project\bin\Debug\amcap.exe.manifest" /manifest "D:\WORK\작은형\2015.11.10\amcap_project\bin\Debug\amcap\amcap.exe.intermediate.manifest"
       FinalizeBuildStatus:
         "D:\WORK\작은형\2015.11.10\amcap_project\bin\Debug\amcap\amcap.unsuccessfulbuild" 파일을 삭제하고 있습니다.
         "D:\WORK\작은형\2015.11.10\amcap_project\bin\Debug\amcap\amcap.lastbuildstate"에 연결(touching)하고 있습니다.
     1>"D:\WORK\작은형\2015.11.10\amcap_project\amcap\amcap.vcxproj" 프로젝트를 빌드했습니다(rebuild 대상).

빌드했습니다.

경과 시간: 00:00:04.75
