빌드 시작: 2015-11-11 오후 11:56:53
     1>3 노드의 "D:\WORK\작은형\2015.11.10\amcap_project\Serial\Serial.vcxproj" 프로젝트(rebuild 대상)입니다.
     1>_PrepareForClean:
         "D:\WORK\작은형\2015.11.10\amcap_project\bin\Release\Serial\Serial.lastbuildstate" 파일을 삭제하고 있습니다.
     1>C:\Program Files (x86)\MSBuild\Microsoft.Cpp\v4.0\Microsoft.CppBuild.targets(298,5): warning MSB8004: Intermediate 디렉터리가 슬래시로 끝나지 않습니다. Intermediate 디렉터리의 적절한 평가를 허용하는 데 필요하므로 이 빌드 인스턴스에서 슬래시를 추가합니다.
       InitializeBuildStatus:
         "AlwaysCreate"이(가) 지정되었기 때문에 "D:\WORK\작은형\2015.11.10\amcap_project\bin\Release\Serial\Serial.unsuccessfulbuild"을(를) 만들고 있습니다.
       ClCompile:
         C:\Program Files (x86)\Microsoft Visual Studio 10.0\VC\bin\CL.exe /c /Zi /nologo /W1 /WX- /O1 /Ob2 /Os /Oy /GL /D WIN32 /D NDEBUG /D _LIB /D _UNICODE /D UNICODE /GF /Gm- /EHsc /MT /GS- /Gy /fp:precise /Zc:wchar_t /Zc:forScope /Fo"D:\WORK\작은형\2015.11.10\amcap_project\bin\Release\Serial\\" /Fd"D:\WORK\작은형\2015.11.10\amcap_project\bin\Release\Serial\vc100.pdb" /Gz /TP /analyze- /errorReport:prompt Serial.cpp SerialEx.cpp SerialWnd.cpp
         Serial.cpp
         SerialEx.cpp
         SerialWnd.cpp
       Lib:
         C:\Program Files (x86)\Microsoft Visual Studio 10.0\VC\bin\Lib.exe /OUT:"D:\WORK\작은형\2015.11.10\amcap_project\bin\Release\Serial.lib" /NOLOGO /LTCG "D:\WORK\작은형\2015.11.10\amcap_project\bin\Release\Serial\Serial.obj"
         "D:\WORK\작은형\2015.11.10\amcap_project\bin\Release\Serial\SerialEx.obj"
         "D:\WORK\작은형\2015.11.10\amcap_project\bin\Release\Serial\SerialWnd.obj"
         Serial.vcxproj -> D:\WORK\작은형\2015.11.10\amcap_project\bin\Release\Serial.lib
       FinalizeBuildStatus:
         "D:\WORK\작은형\2015.11.10\amcap_project\bin\Release\Serial\Serial.unsuccessfulbuild" 파일을 삭제하고 있습니다.
         "D:\WORK\작은형\2015.11.10\amcap_project\bin\Release\Serial\Serial.lastbuildstate"에 연결(touching)하고 있습니다.
     1>"D:\WORK\작은형\2015.11.10\amcap_project\Serial\Serial.vcxproj" 프로젝트를 빌드했습니다(rebuild 대상).

빌드했습니다.

경과 시간: 00:00:01.61
