D:\TEST\2015.11.09\AMCAP_PROJECT\BIN\DEBUG\BASECLASSES\AMEXTRA.OBJ
D:\TEST\2015.11.09\AMCAP_PROJECT\BIN\DEBUG\BASECLASSES\AMFILTER.OBJ
D:\TEST\2015.11.09\AMCAP_PROJECT\BIN\DEBUG\BASECLASSES\AMVIDEO.OBJ
D:\TEST\2015.11.09\AMCAP_PROJECT\BIN\DEBUG\BASECLASSES\ARITHUTIL.OBJ
D:\TEST\2015.11.09\AMCAP_PROJECT\BIN\DEBUG\BASECLASSES\COMBASE.OBJ
D:\TEST\2015.11.09\AMCAP_PROJECT\BIN\DEBUG\BASECLASSES\CPROP.OBJ
D:\TEST\2015.11.09\AMCAP_PROJECT\BIN\DEBUG\BASECLASSES\CTLUTIL.OBJ
D:\TEST\2015.11.09\AMCAP_PROJECT\BIN\DEBUG\BASECLASSES\DDMM.OBJ
D:\TEST\2015.11.09\AMCAP_PROJECT\BIN\DEBUG\BASECLASSES\DLLENTRY.OBJ
D:\TEST\2015.11.09\AMCAP_PROJECT\BIN\DEBUG\BASECLASSES\DLLSETUP.OBJ
D:\TEST\2015.11.09\AMCAP_PROJECT\BIN\DEBUG\BASECLASSES\MTYPE.OBJ
D:\TEST\2015.11.09\AMCAP_PROJECT\BIN\DEBUG\BASECLASSES\OUTPUTQ.OBJ
D:\TEST\2015.11.09\AMCAP_PROJECT\BIN\DEBUG\BASECLASSES\PERFLOG.OBJ
D:\TEST\2015.11.09\AMCAP_PROJECT\BIN\DEBUG\BASECLASSES\PSTREAM.OBJ
D:\TEST\2015.11.09\AMCAP_PROJECT\BIN\DEBUG\BASECLASSES\PULLPIN.OBJ
D:\TEST\2015.11.09\AMCAP_PROJECT\BIN\DEBUG\BASECLASSES\REFCLOCK.OBJ
D:\TEST\2015.11.09\AMCAP_PROJECT\BIN\DEBUG\BASECLASSES\RENBASE.OBJ
D:\TEST\2015.11.09\AMCAP_PROJECT\BIN\DEBUG\BASECLASSES\SCHEDULE.OBJ
D:\TEST\2015.11.09\AMCAP_PROJECT\BIN\DEBUG\BASECLASSES\SEEKPT.OBJ
D:\TEST\2015.11.09\AMCAP_PROJECT\BIN\DEBUG\BASECLASSES\SOURCE.OBJ
D:\TEST\2015.11.09\AMCAP_PROJECT\BIN\DEBUG\BASECLASSES\STRMCTL.OBJ
D:\TEST\2015.11.09\AMCAP_PROJECT\BIN\DEBUG\BASECLASSES\SYSCLOCK.OBJ
D:\TEST\2015.11.09\AMCAP_PROJECT\BIN\DEBUG\BASECLASSES\TRANSFRM.OBJ
D:\TEST\2015.11.09\AMCAP_PROJECT\BIN\DEBUG\BASECLASSES\TRANSIP.OBJ
D:\TEST\2015.11.09\AMCAP_PROJECT\BIN\DEBUG\BASECLASSES\VC100.PDB
D:\TEST\2015.11.09\AMCAP_PROJECT\BIN\DEBUG\BASECLASSES\VIDEOCTL.OBJ
D:\TEST\2015.11.09\AMCAP_PROJECT\BIN\DEBUG\BASECLASSES\VTRANS.OBJ
D:\TEST\2015.11.09\AMCAP_PROJECT\BIN\DEBUG\BASECLASSES\WINCTRL.OBJ
D:\TEST\2015.11.09\AMCAP_PROJECT\BIN\DEBUG\BASECLASSES\WINUTIL.OBJ
D:\TEST\2015.11.09\AMCAP_PROJECT\BIN\DEBUG\BASECLASSES\WXDEBUG.OBJ
D:\TEST\2015.11.09\AMCAP_PROJECT\BIN\DEBUG\BASECLASSES\WXLIST.OBJ
D:\TEST\2015.11.09\AMCAP_PROJECT\BIN\DEBUG\BASECLASSES\WXUTIL.OBJ
D:\TEST\2015.11.09\AMCAP_PROJECT\BIN\DEBUG\STRMBASE.LIB
D:\WORK\작은형\2015.11.09\AMCAP_PROJECT\BIN\DEBUG\BASECLASSES\AMEXTRA.OBJ
D:\WORK\작은형\2015.11.09\AMCAP_PROJECT\BIN\DEBUG\BASECLASSES\AMFILTER.OBJ
D:\WORK\작은형\2015.11.09\AMCAP_PROJECT\BIN\DEBUG\BASECLASSES\AMVIDEO.OBJ
D:\WORK\작은형\2015.11.09\AMCAP_PROJECT\BIN\DEBUG\BASECLASSES\ARITHUTIL.OBJ
D:\WORK\작은형\2015.11.09\AMCAP_PROJECT\BIN\DEBUG\BASECLASSES\COMBASE.OBJ
D:\WORK\작은형\2015.11.09\AMCAP_PROJECT\BIN\DEBUG\BASECLASSES\CPROP.OBJ
D:\WORK\작은형\2015.11.09\AMCAP_PROJECT\BIN\DEBUG\BASECLASSES\CTLUTIL.OBJ
D:\WORK\작은형\2015.11.09\AMCAP_PROJECT\BIN\DEBUG\BASECLASSES\DDMM.OBJ
D:\WORK\작은형\2015.11.09\AMCAP_PROJECT\BIN\DEBUG\BASECLASSES\DLLENTRY.OBJ
D:\WORK\작은형\2015.11.09\AMCAP_PROJECT\BIN\DEBUG\BASECLASSES\DLLSETUP.OBJ
D:\WORK\작은형\2015.11.09\AMCAP_PROJECT\BIN\DEBUG\BASECLASSES\MTYPE.OBJ
D:\WORK\작은형\2015.11.09\AMCAP_PROJECT\BIN\DEBUG\BASECLASSES\OUTPUTQ.OBJ
D:\WORK\작은형\2015.11.09\AMCAP_PROJECT\BIN\DEBUG\BASECLASSES\PERFLOG.OBJ
D:\WORK\작은형\2015.11.09\AMCAP_PROJECT\BIN\DEBUG\BASECLASSES\PSTREAM.OBJ
D:\WORK\작은형\2015.11.09\AMCAP_PROJECT\BIN\DEBUG\BASECLASSES\PULLPIN.OBJ
D:\WORK\작은형\2015.11.09\AMCAP_PROJECT\BIN\DEBUG\BASECLASSES\REFCLOCK.OBJ
D:\WORK\작은형\2015.11.09\AMCAP_PROJECT\BIN\DEBUG\BASECLASSES\RENBASE.OBJ
D:\WORK\작은형\2015.11.09\AMCAP_PROJECT\BIN\DEBUG\BASECLASSES\SCHEDULE.OBJ
D:\WORK\작은형\2015.11.09\AMCAP_PROJECT\BIN\DEBUG\BASECLASSES\SEEKPT.OBJ
D:\WORK\작은형\2015.11.09\AMCAP_PROJECT\BIN\DEBUG\BASECLASSES\SOURCE.OBJ
D:\WORK\작은형\2015.11.09\AMCAP_PROJECT\BIN\DEBUG\BASECLASSES\STRMCTL.OBJ
D:\WORK\작은형\2015.11.09\AMCAP_PROJECT\BIN\DEBUG\BASECLASSES\SYSCLOCK.OBJ
D:\WORK\작은형\2015.11.09\AMCAP_PROJECT\BIN\DEBUG\BASECLASSES\TRANSFRM.OBJ
D:\WORK\작은형\2015.11.09\AMCAP_PROJECT\BIN\DEBUG\BASECLASSES\TRANSIP.OBJ
D:\WORK\작은형\2015.11.09\AMCAP_PROJECT\BIN\DEBUG\BASECLASSES\VC100.PDB
D:\WORK\작은형\2015.11.09\AMCAP_PROJECT\BIN\DEBUG\BASECLASSES\VIDEOCTL.OBJ
D:\WORK\작은형\2015.11.09\AMCAP_PROJECT\BIN\DEBUG\BASECLASSES\VTRANS.OBJ
D:\WORK\작은형\2015.11.09\AMCAP_PROJECT\BIN\DEBUG\BASECLASSES\WINCTRL.OBJ
D:\WORK\작은형\2015.11.09\AMCAP_PROJECT\BIN\DEBUG\BASECLASSES\WINUTIL.OBJ
D:\WORK\작은형\2015.11.09\AMCAP_PROJECT\BIN\DEBUG\BASECLASSES\WXDEBUG.OBJ
D:\WORK\작은형\2015.11.09\AMCAP_PROJECT\BIN\DEBUG\BASECLASSES\WXLIST.OBJ
D:\WORK\작은형\2015.11.09\AMCAP_PROJECT\BIN\DEBUG\BASECLASSES\WXUTIL.OBJ
D:\WORK\작은형\2015.11.09\AMCAP_PROJECT\BIN\DEBUG\STRMBASE.LIB
D:\WORK\작은형\2015.11.10\amcap_project\bin\Debug\baseclasses\amextra.obj
D:\WORK\작은형\2015.11.10\amcap_project\bin\Debug\baseclasses\amfilter.obj
D:\WORK\작은형\2015.11.10\amcap_project\bin\Debug\baseclasses\amvideo.obj
D:\WORK\작은형\2015.11.10\amcap_project\bin\Debug\baseclasses\arithutil.obj
D:\WORK\작은형\2015.11.10\amcap_project\bin\Debug\baseclasses\baseclasses.vcxprojResolveAssemblyReference.cache
D:\WORK\작은형\2015.11.10\amcap_project\bin\Debug\baseclasses\baseclasses.write.1.tlog
D:\WORK\작은형\2015.11.10\amcap_project\bin\Debug\baseclasses\cl.command.1.tlog
D:\WORK\작은형\2015.11.10\amcap_project\bin\Debug\baseclasses\CL.read.1.tlog
D:\WORK\작은형\2015.11.10\amcap_project\bin\Debug\baseclasses\CL.write.1.tlog
D:\WORK\작은형\2015.11.10\amcap_project\bin\Debug\baseclasses\combase.obj
D:\WORK\작은형\2015.11.10\amcap_project\bin\Debug\baseclasses\cprop.obj
D:\WORK\작은형\2015.11.10\amcap_project\bin\Debug\baseclasses\ctlutil.obj
D:\WORK\작은형\2015.11.10\amcap_project\bin\Debug\baseclasses\ddmm.obj
D:\WORK\작은형\2015.11.10\amcap_project\bin\Debug\baseclasses\dllentry.obj
D:\WORK\작은형\2015.11.10\amcap_project\bin\Debug\baseclasses\dllsetup.obj
D:\WORK\작은형\2015.11.10\amcap_project\bin\Debug\baseclasses\lib.command.1.tlog
D:\WORK\작은형\2015.11.10\amcap_project\bin\Debug\baseclasses\Lib-link.read.1.tlog
D:\WORK\작은형\2015.11.10\amcap_project\bin\Debug\baseclasses\Lib-link.write.1.tlog
D:\WORK\작은형\2015.11.10\amcap_project\bin\Debug\baseclasses\mtype.obj
D:\WORK\작은형\2015.11.10\amcap_project\bin\Debug\baseclasses\outputq.obj
D:\WORK\작은형\2015.11.10\amcap_project\bin\Debug\baseclasses\perflog.obj
D:\WORK\작은형\2015.11.10\amcap_project\bin\Debug\baseclasses\pstream.obj
D:\WORK\작은형\2015.11.10\amcap_project\bin\Debug\baseclasses\pullpin.obj
D:\WORK\작은형\2015.11.10\amcap_project\bin\Debug\baseclasses\refclock.obj
D:\WORK\작은형\2015.11.10\amcap_project\bin\Debug\baseclasses\renbase.obj
D:\WORK\작은형\2015.11.10\amcap_project\bin\Debug\baseclasses\schedule.obj
D:\WORK\작은형\2015.11.10\amcap_project\bin\Debug\baseclasses\seekpt.obj
D:\WORK\작은형\2015.11.10\amcap_project\bin\Debug\baseclasses\source.obj
D:\WORK\작은형\2015.11.10\amcap_project\bin\Debug\baseclasses\strmctl.obj
D:\WORK\작은형\2015.11.10\amcap_project\bin\Debug\baseclasses\sysclock.obj
D:\WORK\작은형\2015.11.10\amcap_project\bin\Debug\baseclasses\transfrm.obj
D:\WORK\작은형\2015.11.10\amcap_project\bin\Debug\baseclasses\transip.obj
D:\WORK\작은형\2015.11.10\amcap_project\bin\Debug\baseclasses\vc100.idb
D:\WORK\작은형\2015.11.10\amcap_project\bin\Debug\baseclasses\vc100.pdb
D:\WORK\작은형\2015.11.10\amcap_project\bin\Debug\baseclasses\videoctl.obj
D:\WORK\작은형\2015.11.10\amcap_project\bin\Debug\baseclasses\vtrans.obj
D:\WORK\작은형\2015.11.10\amcap_project\bin\Debug\baseclasses\winctrl.obj
D:\WORK\작은형\2015.11.10\amcap_project\bin\Debug\baseclasses\winutil.obj
D:\WORK\작은형\2015.11.10\amcap_project\bin\Debug\baseclasses\wxdebug.obj
D:\WORK\작은형\2015.11.10\amcap_project\bin\Debug\baseclasses\wxlist.obj
D:\WORK\작은형\2015.11.10\amcap_project\bin\Debug\baseclasses\wxutil.obj
